<?xml version="1.0" encoding="UTF-8"?>
<!-- Generated by org.testng.reporters.JUnitXMLReporter -->
<testsuite ignored="0" hostname="EPINHYDW0EDB" failures="0" tests="6" name="All tests" time="103.227" errors="0" timestamp="2022-08-08T15:54:41 IST">
  <testcase classname="tests.CalculatorPageTests" name="checkInformationInVmClassString" time="100.279"/>
  <testcase classname="tests.CalculatorPageTests" name="checkInformationInVmClassStrings" time="0.31"/>
  <testcase classname="tests.CalculatorPageTests" name="checkCommitmentTermOneYear" time="0.021"/>
  <testcase classname="tests.CalculatorPageTests" name="checkInformationInInstanceTypeIncludeN1Standard8" time="0.021"/>
  <testcase classname="tests.CalculatorPageTests" name="checkLocalSsdSpace2x375Gib" time="0.022"/>
  <testcase classname="tests.CalculatorPageTests" name="checkRegionIsFrankfurt" time="0.044"/>
</testsuite> <!-- All tests -->
