<?xml version="1.0" encoding="UTF-8"?>
<testng-results ignored="0" total="6" passed="6" failed="0" skipped="0">
  <reporter-output>
  </reporter-output>
  <suite started-at="2022-08-08T15:52:58 IST" name="All tests" finished-at="2022-08-08T15:54:41 IST" duration-ms="103227">
    <groups>
    </groups>
    <test started-at="2022-08-08T15:52:58 IST" name="All tests" finished-at="2022-08-08T15:54:41 IST" duration-ms="103227">
      <class name="tests.CalculatorPageTests">
        <test-method is-config="true" signature="setDriver()[pri:0, instance:tests.CalculatorPageTests@4c9f8c13]" started-at="2022-08-08T15:52:58 IST" name="setDriver" finished-at="2022-08-08T15:53:00 IST" duration-ms="2482" status="PASS">
          <reporter-output>
          </reporter-output>
        </test-method> <!-- setDriver -->
        <test-method signature="checkInformationInVmClassString()[pri:0, instance:tests.CalculatorPageTests@4c9f8c13]" started-at="2022-08-08T15:53:00 IST" name="checkInformationInVmClassString" finished-at="2022-08-08T15:54:40 IST" duration-ms="100279" status="PASS">
          <reporter-output>
          </reporter-output>
        </test-method> <!-- checkInformationInVmClassString -->
        <test-method is-config="true" signature="closeDriver(org.testng.ITestResult)[pri:0, instance:tests.CalculatorPageTests@4c9f8c13]" started-at="2022-08-08T15:54:40 IST" name="closeDriver" finished-at="2022-08-08T15:54:40 IST" duration-ms="4" status="PASS">
          <params>
            <param index="0">
              <value>
                <![CDATA[[TestResult name=checkInformationInVmClassString status=SUCCESS method=CalculatorPageTests.checkInformationInVmClassString()[pri:0, instance:tests.CalculatorPageTests@4c9f8c13] output={null}]]]>
              </value>
            </param>
          </params>
          <reporter-output>
          </reporter-output>
        </test-method> <!-- closeDriver -->
        <test-method signature="checkInformationInVmClassStrings()[pri:0, instance:tests.CalculatorPageTests@4c9f8c13]" started-at="2022-08-08T15:54:40 IST" name="checkInformationInVmClassStrings" finished-at="2022-08-08T15:54:41 IST" duration-ms="310" status="PASS">
          <reporter-output>
          </reporter-output>
        </test-method> <!-- checkInformationInVmClassStrings -->
        <test-method is-config="true" signature="closeDriver(org.testng.ITestResult)[pri:0, instance:tests.CalculatorPageTests@4c9f8c13]" started-at="2022-08-08T15:54:41 IST" name="closeDriver" finished-at="2022-08-08T15:54:41 IST" duration-ms="0" status="PASS">
          <params>
            <param index="0">
              <value>
                <![CDATA[[TestResult name=checkInformationInVmClassStrings status=SUCCESS method=CalculatorPageTests.checkInformationInVmClassStrings()[pri:0, instance:tests.CalculatorPageTests@4c9f8c13] output={null}]]]>
              </value>
            </param>
          </params>
          <reporter-output>
          </reporter-output>
        </test-method> <!-- closeDriver -->
        <test-method signature="checkCommitmentTermOneYear()[pri:0, instance:tests.CalculatorPageTests@4c9f8c13]" started-at="2022-08-08T15:54:41 IST" name="checkCommitmentTermOneYear" finished-at="2022-08-08T15:54:41 IST" depends-on-methods="tests.CalculatorPageTests.checkInformationInVmClassString" duration-ms="21" status="PASS">
          <reporter-output>
          </reporter-output>
        </test-method> <!-- checkCommitmentTermOneYear -->
        <test-method is-config="true" signature="closeDriver(org.testng.ITestResult)[pri:0, instance:tests.CalculatorPageTests@4c9f8c13]" started-at="2022-08-08T15:54:41 IST" name="closeDriver" finished-at="2022-08-08T15:54:41 IST" duration-ms="0" status="PASS">
          <params>
            <param index="0">
              <value>
                <![CDATA[[TestResult name=checkCommitmentTermOneYear status=SUCCESS method=CalculatorPageTests.checkCommitmentTermOneYear()[pri:0, instance:tests.CalculatorPageTests@4c9f8c13] output={null}]]]>
              </value>
            </param>
          </params>
          <reporter-output>
          </reporter-output>
        </test-method> <!-- closeDriver -->
        <test-method signature="checkInformationInInstanceTypeIncludeN1Standard8()[pri:0, instance:tests.CalculatorPageTests@4c9f8c13]" started-at="2022-08-08T15:54:41 IST" name="checkInformationInInstanceTypeIncludeN1Standard8" finished-at="2022-08-08T15:54:41 IST" depends-on-methods="tests.CalculatorPageTests.checkInformationInVmClassString" duration-ms="21" status="PASS">
          <reporter-output>
          </reporter-output>
        </test-method> <!-- checkInformationInInstanceTypeIncludeN1Standard8 -->
        <test-method signature="checkLocalSsdSpace2x375Gib()[pri:0, instance:tests.CalculatorPageTests@4c9f8c13]" started-at="2022-08-08T15:54:41 IST" name="checkLocalSsdSpace2x375Gib" finished-at="2022-08-08T15:54:41 IST" depends-on-methods="tests.CalculatorPageTests.checkInformationInVmClassString" duration-ms="22" status="PASS">
          <reporter-output>
          </reporter-output>
        </test-method> <!-- checkLocalSsdSpace2x375Gib -->
        <test-method is-config="true" signature="closeDriver(org.testng.ITestResult)[pri:0, instance:tests.CalculatorPageTests@4c9f8c13]" started-at="2022-08-08T15:54:41 IST" name="closeDriver" finished-at="2022-08-08T15:54:41 IST" duration-ms="0" status="PASS">
          <params>
            <param index="0">
              <value>
                <![CDATA[[TestResult name=checkInformationInInstanceTypeIncludeN1Standard8 status=SUCCESS method=CalculatorPageTests.checkInformationInInstanceTypeIncludeN1Standard8()[pri:0, instance:tests.CalculatorPageTests@4c9f8c13] output={null}]]]>
              </value>
            </param>
          </params>
          <reporter-output>
          </reporter-output>
        </test-method> <!-- closeDriver -->
        <test-method is-config="true" signature="closeDriver(org.testng.ITestResult)[pri:0, instance:tests.CalculatorPageTests@4c9f8c13]" started-at="2022-08-08T15:54:41 IST" name="closeDriver" finished-at="2022-08-08T15:54:41 IST" duration-ms="0" status="PASS">
          <params>
            <param index="0">
              <value>
                <![CDATA[[TestResult name=checkLocalSsdSpace2x375Gib status=SUCCESS method=CalculatorPageTests.checkLocalSsdSpace2x375Gib()[pri:0, instance:tests.CalculatorPageTests@4c9f8c13] output={null}]]]>
              </value>
            </param>
          </params>
          <reporter-output>
          </reporter-output>
        </test-method> <!-- closeDriver -->
        <test-method signature="checkRegionIsFrankfurt()[pri:0, instance:tests.CalculatorPageTests@4c9f8c13]" started-at="2022-08-08T15:54:41 IST" name="checkRegionIsFrankfurt" finished-at="2022-08-08T15:54:41 IST" depends-on-methods="tests.CalculatorPageTests.checkInformationInVmClassString" duration-ms="44" status="PASS">
          <reporter-output>
          </reporter-output>
        </test-method> <!-- checkRegionIsFrankfurt -->
        <test-method is-config="true" signature="closeDriver(org.testng.ITestResult)[pri:0, instance:tests.CalculatorPageTests@4c9f8c13]" started-at="2022-08-08T15:54:41 IST" name="closeDriver" finished-at="2022-08-08T15:54:41 IST" duration-ms="0" status="PASS">
          <params>
            <param index="0">
              <value>
                <![CDATA[[TestResult name=checkRegionIsFrankfurt status=SUCCESS method=CalculatorPageTests.checkRegionIsFrankfurt()[pri:0, instance:tests.CalculatorPageTests@4c9f8c13] output={null}]]]>
              </value>
            </param>
          </params>
          <reporter-output>
          </reporter-output>
        </test-method> <!-- closeDriver -->
      </class> <!-- tests.CalculatorPageTests -->
    </test> <!-- All tests -->
  </suite> <!-- All tests -->
</testng-results>
