<?xml version="1.0" encoding="UTF-8"?>
<testsuite xmlns:xsi="http://www.w3.org/2001/XMLSchema-instance" xsi:noNamespaceSchemaLocation="https://maven.apache.org/surefire/maven-surefire-plugin/xsd/surefire-test-report.xsd" name="TestSuite" time="16.061" tests="6" errors="0" skipped="4" failures="2">
  <properties>
[...]
</properties>
  <testcase name="checkInformationInVmClassString" classname="tests.CalculatorPageTests" time="13.713">
    <failure type="java.lang.ExceptionInInitializerError">java.lang.ExceptionInInitializerError
	at tests.CalculatorPageTests.checkInformationInVmClassString(CalculatorPageTests.java:17)
Caused by: java.lang.NullPointerException: Cannot invoke "String.hashCode()" because "this.name" is null
	at tests.CalculatorPageTests.checkInformationInVmClassString(CalculatorPageTests.java:17)
</failure>
    <system-err><![CDATA[SLF4J: Failed to load class "org.slf4j.impl.StaticLoggerBinder".
SLF4J: Defaulting to no-operation (NOP) logger implementation
SLF4J: See http://www.slf4j.org/codes.html#StaticLoggerBinder for further details.
log4j:WARN No appenders could be found for logger (io.netty.util.internal.logging.InternalLoggerFactory).
log4j:WARN Please initialize the log4j system properly.
log4j:WARN See http://logging.apache.org/log4j/1.2/faq.html#noconfig for more info.
Starting ChromeDriver 103.0.5060.134 (8ec6fce403b3feb0869b0732eda8bd95011d333c-refs/branch-heads/5060@{#1262}) on port 64350
Only local connections are allowed.
Please see https://chromedriver.chromium.org/security-considerations for suggestions on keeping ChromeDriver safe.
ChromeDriver was started successfully.
Aug 05, 2022 2:53:03 PM org.openqa.selenium.remote.ProtocolHandshake createSession
INFO: Detected dialect: W3C
Aug 05, 2022 2:53:03 PM org.openqa.selenium.devtools.CdpVersionFinder findNearestMatch
WARNING: Unable to find an exact match for CDP version 103, so returning the closest version found: a no-op implementation
Aug 05, 2022 2:53:03 PM org.openqa.selenium.devtools.CdpVersionFinder findNearestMatch
INFO: Unable to find CDP implementation matching 103.
Aug 05, 2022 2:53:03 PM org.openqa.selenium.chromium.ChromiumDriver lambda$new$3
WARNING: Unable to find version of CDP to use for . You may need to include a dependency on a specific version of the CDP using something similar to `org.seleniumhq.selenium:selenium-devtools-v86:4.1.2` where the version ("v86") matches the version of the chromium-based browser you're using and the version number of the artifact is the same as Selenium's.
]]></system-err>
  </testcase>
  <testcase name="checkInformationInVmClassStrings" classname="tests.CalculatorPageTests" time="0.089">
    <failure message="no such element: Unable to locate element: {&quot;method&quot;:&quot;xpath&quot;,&quot;selector&quot;:&quot;//div[contains (text(),&apos;Provisioning model: Regular&apos;)]&quot;}&#10;  (Session info: chrome=103.0.5060.134)&#10;For documentation on this error, please visit: https://selenium.dev/exceptions/#no_such_element&#10;Build info: version: &apos;4.1.2&apos;, revision: &apos;9a5a329c5a&apos;&#10;System info: host: &apos;EPINHYDW0EDB&apos;, ip: &apos;10.71.12.27&apos;, os.name: &apos;Windows 10&apos;, os.arch: &apos;amd64&apos;, os.version: &apos;10.0&apos;, java.version: &apos;17.0.4&apos;&#10;Driver info: org.openqa.selenium.chrome.ChromeDriver&#10;Command: [0f4d41e3cee0b5ffae04a2636d425940, findElement {using=xpath, value=//div[contains (text(),&apos;Provisioning model: Regular&apos;)]}]&#10;Capabilities {acceptInsecureCerts: false, browserName: chrome, browserVersion: 103.0.5060.134, chrome: {chromedriverVersion: 103.0.5060.134 (8ec6fce403b..., userDataDir: C:\Users\RAJESH~1\AppData\L...}, goog:chromeOptions: {debuggerAddress: localhost:58919}, javascriptEnabled: true, networkConnectionEnabled: false, pageLoadStrategy: normal, platform: WINDOWS, platformName: WINDOWS, proxy: Proxy(), se:cdp: ws://localhost:58919/devtoo..., se:cdpVersion: 103.0.5060.134, setWindowRect: true, strictFileInteractability: false, timeouts: {implicit: 0, pageLoad: 300000, script: 30000}, unhandledPromptBehavior: dismiss and notify, webauthn:extension:credBlob: true, webauthn:extension:largeBlob: true, webauthn:virtualAuthenticators: true}&#10;Session ID: 0f4d41e3cee0b5ffae04a2636d425940" type="org.openqa.selenium.NoSuchElementException">org.openqa.selenium.NoSuchElementException: 
no such element: Unable to locate element: {"method":"xpath","selector":"//div[contains (text(),'Provisioning model: Regular')]"}
  (Session info: chrome=103.0.5060.134)
For documentation on this error, please visit: https://selenium.dev/exceptions/#no_such_element
Build info: version: '4.1.2', revision: '9a5a329c5a'
System info: host: 'EPINHYDW0EDB', ip: '10.71.12.27', os.name: 'Windows 10', os.arch: 'amd64', os.version: '10.0', java.version: '17.0.4'
Driver info: org.openqa.selenium.chrome.ChromeDriver
Command: [0f4d41e3cee0b5ffae04a2636d425940, findElement {using=xpath, value=//div[contains (text(),'Provisioning model: Regular')]}]
Capabilities {acceptInsecureCerts: false, browserName: chrome, browserVersion: 103.0.5060.134, chrome: {chromedriverVersion: 103.0.5060.134 (8ec6fce403b..., userDataDir: C:\Users\RAJESH~1\AppData\L...}, goog:chromeOptions: {debuggerAddress: localhost:58919}, javascriptEnabled: true, networkConnectionEnabled: false, pageLoadStrategy: normal, platform: WINDOWS, platformName: WINDOWS, proxy: Proxy(), se:cdp: ws://localhost:58919/devtoo..., se:cdpVersion: 103.0.5060.134, setWindowRect: true, strictFileInteractability: false, timeouts: {implicit: 0, pageLoad: 300000, script: 30000}, unhandledPromptBehavior: dismiss and notify, webauthn:extension:credBlob: true, webauthn:extension:largeBlob: true, webauthn:virtualAuthenticators: true}
Session ID: 0f4d41e3cee0b5ffae04a2636d425940
	at tests.CalculatorPageTests.checkInformationInVmClassStrings(CalculatorPageTests.java:36)
</failure>
  </testcase>
  <testcase name="checkCommitmentTermOneYear" classname="tests.CalculatorPageTests" time="0">
    <skipped message="Method tests.CalculatorPageTests.checkCommitmentTermOneYear() on instance tests.CalculatorPageTests@4c9f8c13 depends on not successfully finished methods &#10;[tests.CalculatorPageTests.checkInformationInVmClassString() on instance tests.CalculatorPageTests@4c9f8c13]"/>
  </testcase>
  <testcase name="checkInformationInInstanceTypeIncludeN1Standard8" classname="tests.CalculatorPageTests" time="0">
    <skipped message="Method tests.CalculatorPageTests.checkInformationInInstanceTypeIncludeN1Standard8() on instance tests.CalculatorPageTests@4c9f8c13 depends on not successfully finished methods &#10;[tests.CalculatorPageTests.checkInformationInVmClassString() on instance tests.CalculatorPageTests@4c9f8c13]"/>
  </testcase>
  <testcase name="checkLocalSsdSpace2x375Gib" classname="tests.CalculatorPageTests" time="0">
    <skipped message="Method tests.CalculatorPageTests.checkLocalSsdSpace2x375Gib() on instance tests.CalculatorPageTests@4c9f8c13 depends on not successfully finished methods &#10;[tests.CalculatorPageTests.checkInformationInVmClassString() on instance tests.CalculatorPageTests@4c9f8c13]"/>
  </testcase>
  <testcase name="checkRegionIsFrankfurt" classname="tests.CalculatorPageTests" time="0">
    <skipped message="Method tests.CalculatorPageTests.checkRegionIsFrankfurt() on instance tests.CalculatorPageTests@4c9f8c13 depends on not successfully finished methods &#10;[tests.CalculatorPageTests.checkInformationInVmClassString() on instance tests.CalculatorPageTests@4c9f8c13]"/>
  </testcase>
</testsuite>